<?xml version="1.0" encoding="UTF-8"?>
<!-- Generated by org.testng.reporters.JUnitXMLReporter -->
<testsuite ignored="0" hostname="Praveens-MBP" failures="0" tests="5" name="Default test" time="101.137" errors="0" timestamp="2024-05-27T13:47:27 IST">
  <testcase classname="testcase.FirstTest" name="LoginIn" time="3.921"/>
  <testcase classname="testcase.FirstTest" name="LoginIn" time="6.836"/>
  <testcase classname="testcase.FirstTest" name="LoginIn" time="4.249"/>
  <testcase classname="testcase.FirstTest" name="LoginIn" time="4.412"/>
  <testcase classname="testcase.FirstTest" name="LoginIn" time="4.32"/>
</testsuite> <!-- Default test -->
