<?xml version="1.0" encoding="UTF-8"?>
<testng-results ignored="0" total="5" passed="5" failed="0" skipped="0">
  <reporter-output>
  </reporter-output>
  <suite started-at="2024-05-27T13:45:46 IST" name="Default suite" finished-at="2024-05-27T13:47:27 IST" duration-ms="101137">
    <groups>
    </groups>
    <test started-at="2024-05-27T13:45:46 IST" name="Default test" finished-at="2024-05-27T13:47:27 IST" duration-ms="101137">
      <class name="testcase.FirstTest">
        <test-method is-config="true" signature="setUp()[pri:0, instance:testcase.FirstTest@56620197]" started-at="2024-05-27T13:45:46 IST" name="setUp" finished-at="2024-05-27T13:46:04 IST" duration-ms="18218" status="PASS">
          <reporter-output>
          </reporter-output>
        </test-method> <!-- setUp -->
        <test-method signature="LoginIn(java.lang.String,java.lang.String)[pri:0, instance:testcase.FirstTest@56620197]" started-at="2024-05-27T13:46:04 IST" name="LoginIn" data-provider="testdata" finished-at="2024-05-27T13:46:08 IST" duration-ms="3921" status="PASS">
          <params>
            <param index="0">
              <value>
                <![CDATA[praveenwizard00@gmail.com]]>
              </value>
            </param>
            <param index="1">
              <value>
                <![CDATA[PRAveen587]]>
              </value>
            </param>
          </params>
          <reporter-output>
          </reporter-output>
        </test-method> <!-- LoginIn -->
        <test-method is-config="true" signature="tearDown()[pri:0, instance:testcase.FirstTest@56620197]" started-at="2024-05-27T13:46:08 IST" name="tearDown" finished-at="2024-05-27T13:46:08 IST" duration-ms="94" status="PASS">
          <reporter-output>
          </reporter-output>
        </test-method> <!-- tearDown -->
        <test-method is-config="true" signature="setUp()[pri:0, instance:testcase.FirstTest@56620197]" started-at="2024-05-27T13:46:08 IST" name="setUp" finished-at="2024-05-27T13:46:24 IST" duration-ms="15749" status="PASS">
          <reporter-output>
          </reporter-output>
        </test-method> <!-- setUp -->
        <test-method signature="LoginIn(java.lang.String,java.lang.String)[pri:0, instance:testcase.FirstTest@56620197]" started-at="2024-05-27T13:46:24 IST" name="LoginIn" data-provider="testdata" finished-at="2024-05-27T13:46:31 IST" duration-ms="6836" status="PASS">
          <params>
            <param index="0">
              <value>
                <![CDATA[praveenwizard00@gmail.com]]>
              </value>
            </param>
            <param index="1">
              <value>
                <![CDATA[PRAveen587]]>
              </value>
            </param>
          </params>
          <reporter-output>
          </reporter-output>
        </test-method> <!-- LoginIn -->
        <test-method is-config="true" signature="tearDown()[pri:0, instance:testcase.FirstTest@56620197]" started-at="2024-05-27T13:46:31 IST" name="tearDown" finished-at="2024-05-27T13:46:31 IST" duration-ms="94" status="PASS">
          <reporter-output>
          </reporter-output>
        </test-method> <!-- tearDown -->
        <test-method is-config="true" signature="setUp()[pri:0, instance:testcase.FirstTest@56620197]" started-at="2024-05-27T13:46:31 IST" name="setUp" finished-at="2024-05-27T13:46:48 IST" duration-ms="16861" status="PASS">
          <reporter-output>
          </reporter-output>
        </test-method> <!-- setUp -->
        <test-method signature="LoginIn(java.lang.String,java.lang.String)[pri:0, instance:testcase.FirstTest@56620197]" started-at="2024-05-27T13:46:48 IST" name="LoginIn" data-provider="testdata" finished-at="2024-05-27T13:46:52 IST" duration-ms="4249" status="PASS">
          <params>
            <param index="0">
              <value>
                <![CDATA[praveenwizard00@gmail.com]]>
              </value>
            </param>
            <param index="1">
              <value>
                <![CDATA[PRAveen587]]>
              </value>
            </param>
          </params>
          <reporter-output>
          </reporter-output>
        </test-method> <!-- LoginIn -->
        <test-method is-config="true" signature="tearDown()[pri:0, instance:testcase.FirstTest@56620197]" started-at="2024-05-27T13:46:52 IST" name="tearDown" finished-at="2024-05-27T13:46:52 IST" duration-ms="91" status="PASS">
          <reporter-output>
          </reporter-output>
        </test-method> <!-- tearDown -->
        <test-method is-config="true" signature="setUp()[pri:0, instance:testcase.FirstTest@56620197]" started-at="2024-05-27T13:46:52 IST" name="setUp" finished-at="2024-05-27T13:47:06 IST" duration-ms="13939" status="PASS">
          <reporter-output>
          </reporter-output>
        </test-method> <!-- setUp -->
        <test-method signature="LoginIn(java.lang.String,java.lang.String)[pri:0, instance:testcase.FirstTest@56620197]" started-at="2024-05-27T13:47:06 IST" name="LoginIn" data-provider="testdata" finished-at="2024-05-27T13:47:11 IST" duration-ms="4412" status="PASS">
          <params>
            <param index="0">
              <value>
                <![CDATA[praveenwizard00@gmail.com]]>
              </value>
            </param>
            <param index="1">
              <value>
                <![CDATA[PRAveen587]]>
              </value>
            </param>
          </params>
          <reporter-output>
          </reporter-output>
        </test-method> <!-- LoginIn -->
        <test-method is-config="true" signature="tearDown()[pri:0, instance:testcase.FirstTest@56620197]" started-at="2024-05-27T13:47:11 IST" name="tearDown" finished-at="2024-05-27T13:47:11 IST" duration-ms="95" status="PASS">
          <reporter-output>
          </reporter-output>
        </test-method> <!-- tearDown -->
        <test-method is-config="true" signature="setUp()[pri:0, instance:testcase.FirstTest@56620197]" started-at="2024-05-27T13:47:11 IST" name="setUp" finished-at="2024-05-27T13:47:22 IST" duration-ms="11738" status="PASS">
          <reporter-output>
          </reporter-output>
        </test-method> <!-- setUp -->
        <test-method signature="LoginIn(java.lang.String,java.lang.String)[pri:0, instance:testcase.FirstTest@56620197]" started-at="2024-05-27T13:47:22 IST" name="LoginIn" data-provider="testdata" finished-at="2024-05-27T13:47:27 IST" duration-ms="4320" status="PASS">
          <params>
            <param index="0">
              <value>
                <![CDATA[praveenwizard00@gmail.com]]>
              </value>
            </param>
            <param index="1">
              <value>
                <![CDATA[PRAveen587]]>
              </value>
            </param>
          </params>
          <reporter-output>
          </reporter-output>
        </test-method> <!-- LoginIn -->
        <test-method is-config="true" signature="tearDown()[pri:0, instance:testcase.FirstTest@56620197]" started-at="2024-05-27T13:47:27 IST" name="tearDown" finished-at="2024-05-27T13:47:27 IST" duration-ms="93" status="PASS">
          <reporter-output>
          </reporter-output>
        </test-method> <!-- tearDown -->
      </class> <!-- testcase.FirstTest -->
    </test> <!-- Default test -->
  </suite> <!-- Default suite -->
</testng-results>
